2024-11-09 12:59:25,388 - root - INFO - Sistema de logging iniciado com sucesso
2024-11-09 12:59:25,389 - root - INFO - Logging iniciado com sucesso
2024-11-09 12:59:25,516 - root - INFO - Tamanho da fonte alterado para: 13
2024-11-09 12:59:25,552 - database - INFO - Tabelas criadas/verificadas com sucesso
2024-11-09 12:59:25,723 - root - INFO - Procurando som em: C:\Users\User\Desktop\Gabriel\Estudos\git updates\felichia\codes\felichia\assets\sons\startup.wav
2024-11-09 12:59:25,724 - root - INFO - Arquivo de som encontrado!
2024-11-09 12:59:25,726 - root - INFO - Som iniciado com sucesso
2024-11-09 12:59:47,238 - auth_controller - WARNING - Tentativa de login com usuário inexistente: Gabriel
2024-11-09 12:59:47,249 - root - ERROR - Erro ao carregar ícone no popup: bitmap "C:\Users\User\Desktop\Gabriel\Estudos\git updates\felichia\codes\felichia\views\popups\assets\icones\felichia.ico" not defined
2024-11-09 12:59:47,251 - root - ERROR - Erro ao definir ícone no MensagemPopup: bitmap "C:\Users\User\Desktop\Gabriel\Estudos\git updates\felichia\codes\felichia\views\popups\assets\icones\felichia.ico" not defined
2024-11-09 13:00:13,073 - usuario_model - INFO - Novo usuário criado: Gabriel
2024-11-09 13:00:13,076 - auth_controller - INFO - Novo usuário cadastrado: Gabriel
2024-11-09 13:00:13,085 - root - ERROR - Erro ao carregar ícone no popup: bitmap "C:\Users\User\Desktop\Gabriel\Estudos\git updates\felichia\codes\felichia\views\popups\assets\icones\felichia.ico" not defined
2024-11-09 13:00:13,088 - root - ERROR - Erro ao definir ícone no MensagemPopup: bitmap "C:\Users\User\Desktop\Gabriel\Estudos\git updates\felichia\codes\felichia\views\popups\assets\icones\felichia.ico" not defined
2024-11-09 13:00:19,899 - usuario_model - INFO - Usuário atualizado: Gabriel
2024-11-09 13:00:19,901 - auth_controller - INFO - Login bem sucedido: Gabriel
2024-11-09 13:00:20,209 - senha_controller - INFO - Senhas listadas com sucesso
2024-11-09 13:00:20,210 - gerenciador_view - INFO - Lista atualizada - nenhuma senha encontrada
2024-11-09 13:00:42,743 - root - ERROR - Erro ao carregar ícone no popup: bitmap "C:\Users\User\Desktop\Gabriel\Estudos\git updates\felichia\codes\felichia\views\popups\assets\icones\felichia.ico" not defined
2024-11-09 13:00:51,720 - root - ERROR - Erro ao carregar ícone no popup: bitmap "C:\Users\User\Desktop\Gabriel\Estudos\git updates\felichia\codes\felichia\views\popups\assets\icones\felichia.ico" not defined
2024-11-09 13:00:51,722 - root - ERROR - Erro ao definir ícone no MensagemPopup: bitmap "C:\Users\User\Desktop\Gabriel\Estudos\git updates\felichia\codes\felichia\views\popups\assets\icones\felichia.ico" not defined
2024-11-09 13:00:56,842 - auth_controller - INFO - Logout realizado: Gabriel
